Using pre-set license
Built from '2020.3/release' branch; Version is '2020.3.15f2 (6cf78cb77498) revision 7141260'; Using compiler version '192528614'; Build Type 'Release'
OS: 'Windows 10 Enterprise; OS build 19041.1165; Version 2004; 64bit' Language: 'ru' Physical Memory: 8111 MB
BatchMode: 1, IsHumanControllingUs: 0, StartBugReporterOnCrash: 0, Is64bit: 1, IsPro: 0

 COMMAND LINE ARGUMENTS:
D:\Program files\Unity Editor\2020.3.15f2\Editor\Unity.exe
-adb2
-batchMode
-noUpm
-name
AssetImportWorker0
-projectPath
D:/Projects/Unity/Match 3
-logFile
Logs/AssetImportWorker0.log
-srvPort
62261
Successfully changed project path to: D:/Projects/Unity/Match 3
D:/Projects/Unity/Match 3
Using Asset Import Pipeline V2.
Refreshing native plugins compatible for Editor in 38.29 ms, found 3 plugins.
Preloading 0 native plugins for Editor in 0.00 ms.
Initialize engine version: 2020.3.15f2 (6cf78cb77498)
[Subsystems] Discovering subsystems at path D:/Program files/Unity Editor/2020.3.15f2/Editor/Data/Resources/UnitySubsystems
[Subsystems] Discovering subsystems at path D:/Projects/Unity/Match 3/Assets
GfxDevice: creating device client; threaded=0
Direct3D:
    Version:  Direct3D 11.0 [level 11.1]
    Renderer: NVIDIA GeForce GTX 1650 (ID=0x1f91)
    Vendor:   
    VRAM:     3962 MB
    Driver:   27.21.14.6172
Initialize mono
Mono path[0] = 'D:/Program files/Unity Editor/2020.3.15f2/Editor/Data/Managed'
Mono path[1] = 'D:/Program files/Unity Editor/2020.3.15f2/Editor/Data/MonoBleedingEdge/lib/mono/unityjit'
Mono config path = 'D:/Program files/Unity Editor/2020.3.15f2/Editor/Data/MonoBleedingEdge/etc'
Using monoOptions --debugger-agent=transport=dt_socket,embedding=1,server=y,suspend=n,address=127.0.0.1:56948
Begin MonoManager ReloadAssembly
Registering precompiled unity dll's ...
Register platform support module: D:/Program files/Unity Editor/2020.3.15f2/Editor/Data/PlaybackEngines/WindowsStandaloneSupport/UnityEditor.WindowsStandalone.Extensions.dll
Registered in 0.001163 seconds.
Native extension for WindowsStandalone target not found
Refreshing native plugins compatible for Editor in 37.21 ms, found 3 plugins.
Preloading 0 native plugins for Editor in 0.00 ms.
Mono: successfully reloaded assembly
- Completed reload, in  1.247 seconds
Domain Reload Profiling:
	ReloadAssembly (1247ms)
		BeginReloadAssembly (70ms)
			ExecutionOrderSort (0ms)
			DisableScriptedObjects (0ms)
			BackupInstance (0ms)
			ReleaseScriptingObjects (0ms)
			CreateAndSetChildDomain (1ms)
		EndReloadAssembly (405ms)
			LoadAssemblies (69ms)
			RebuildTransferFunctionScriptingTraits (0ms)
			SetupTypeCache (141ms)
			ReleaseScriptCaches (0ms)
			RebuildScriptCaches (36ms)
			SetupLoadedEditorAssemblies (163ms)
				LogAssemblyErrors (0ms)
				InitializePlatformSupportModulesInManaged (4ms)
				SetLoadedEditorAssemblies (0ms)
				RefreshPlugins (37ms)
				BeforeProcessingInitializeOnLoad (15ms)
				ProcessInitializeOnLoadAttributes (80ms)
				ProcessInitializeOnLoadMethodAttributes (26ms)
				AfterProcessingInitializeOnLoad (0ms)
				EditorAssembliesLoaded (0ms)
			ExecutionOrderSort2 (0ms)
			AwakeInstancesAfterBackupRestoration (0ms)
Platform modules already initialized, skipping
Registering precompiled user dll's ...
Registered in 0.003595 seconds.
Begin MonoManager ReloadAssembly
Native extension for WindowsStandalone target not found
Refreshing native plugins compatible for Editor in 37.07 ms, found 3 plugins.
Preloading 0 native plugins for Editor in 0.00 ms.
Mono: successfully reloaded assembly
- Completed reload, in  1.155 seconds
Domain Reload Profiling:
	ReloadAssembly (1156ms)
		BeginReloadAssembly (153ms)
			ExecutionOrderSort (0ms)
			DisableScriptedObjects (5ms)
			BackupInstance (0ms)
			ReleaseScriptingObjects (0ms)
			CreateAndSetChildDomain (17ms)
		EndReloadAssembly (950ms)
			LoadAssemblies (108ms)
			RebuildTransferFunctionScriptingTraits (0ms)
			SetupTypeCache (263ms)
			ReleaseScriptCaches (0ms)
			RebuildScriptCaches (53ms)
			SetupLoadedEditorAssemblies (429ms)
				LogAssemblyErrors (0ms)
				InitializePlatformSupportModulesInManaged (4ms)
				SetLoadedEditorAssemblies (0ms)
				RefreshPlugins (37ms)
				BeforeProcessingInitializeOnLoad (76ms)
				ProcessInitializeOnLoadAttributes (295ms)
				ProcessInitializeOnLoadMethodAttributes (14ms)
				AfterProcessingInitializeOnLoad (2ms)
				EditorAssembliesLoaded (0ms)
			ExecutionOrderSort2 (0ms)
			AwakeInstancesAfterBackupRestoration (7ms)
Platform modules already initialized, skipping
========================================================================
Worker process is ready to serve import requests
Launched and connected shader compiler UnityShaderCompiler.exe after 0.07 seconds
Refreshing native plugins compatible for Editor in 0.43 ms, found 3 plugins.
Preloading 0 native plugins for Editor in 0.00 ms.
Unloading 2099 Unused Serialized files (Serialized files now loaded: 0)
System memory in use before: 93.4 MB.
System memory in use after: 93.4 MB.

Unloading 33 unused Assets to reduce memory usage. Loaded Objects now: 2533.
Total: 2.608700 ms (FindLiveObjects: 0.303100 ms CreateObjectMapping: 0.072500 ms MarkObjects: 2.117400 ms  DeleteObjects: 0.114200 ms)

AssetImportParameters requested are different than current active one (requested -> active):
  custom:framework-win-MediaFoundation: 216162199b28c13a410421893ffa2e32 -> 
  custom:video-decoder-ogg-theora: a1e56fd34408186e4bbccfd4996cb3dc -> 
  custom:container-muxer-webm: aa71ff27fc2769a1b78a27578f13a17b -> 
  custom:container-demuxer-webm: 4f35f7cbe854078d1ac9338744f61a02 -> 
  custom:container-demuxer-ogg: 62fdf1f143b41e24485cea50d1cbac27 -> 
  custom:video-encoder-webm-vp8: eb34c28f22e8b96e1ab97ce403110664 -> 
  custom:video-decoder-webm-vp8: 9c59270c3fd7afecdb556c50c9e8de78 -> 
  custom:audio-decoder-ogg-vorbis: bf7c407c2cedff20999df2af8eb42d56 -> 
  custom:audio-encoder-webm-vorbis: bf7c407c2cedff20999df2af8eb42d56 -> 
========================================================================
Received Import Request.
  path: Assets/Sprites/ico/kamen_1.png
  artifactKey: Guid(addee23533d21ff4fb2dab403e693607) Importer(815301076,1909f56bfc062723c751e8b465ee728b)
Start importing Assets/Sprites/ico/kamen_1.png using Guid(addee23533d21ff4fb2dab403e693607) Importer(815301076,1909f56bfc062723c751e8b465ee728b)  -> (artifact id: 'dcb37fe7012fc166e726c356a6a2941d') in 0.109056 seconds 
  Import took 0.112184 seconds .

========================================================================
Received Import Request.
  Time since last request: 0.000350 seconds.
  path: Assets/Sprites/ico/kamen_2.png
  artifactKey: Guid(d59b66883728a844ab5274397bc8abfa) Importer(815301076,1909f56bfc062723c751e8b465ee728b)
Start importing Assets/Sprites/ico/kamen_2.png using Guid(d59b66883728a844ab5274397bc8abfa) Importer(815301076,1909f56bfc062723c751e8b465ee728b)  -> (artifact id: '5a20eca35154e847fe86af20ae45928e') in 0.016181 seconds 
  Import took 0.019202 seconds .

========================================================================
Received Import Request.
  Time since last request: 0.000301 seconds.
  path: Assets/Sprites/ico/kamen_ur_2_2.png
  artifactKey: Guid(b2ab3a1b368ee7240b9e56ac0909ce3c) Importer(815301076,1909f56bfc062723c751e8b465ee728b)
Start importing Assets/Sprites/ico/kamen_ur_2_2.png using Guid(b2ab3a1b368ee7240b9e56ac0909ce3c) Importer(815301076,1909f56bfc062723c751e8b465ee728b)  -> (artifact id: '213fd43370268387d29a919e7c72897e') in 0.019930 seconds 
  Import took 0.023192 seconds .

========================================================================
Received Import Request.
  Time since last request: 0.000366 seconds.
  path: Assets/Sprites/ico/Led_ur_1_2.png
  artifactKey: Guid(006da826408c99349ace6967a19a823f) Importer(815301076,1909f56bfc062723c751e8b465ee728b)
Start importing Assets/Sprites/ico/Led_ur_1_2.png using Guid(006da826408c99349ace6967a19a823f) Importer(815301076,1909f56bfc062723c751e8b465ee728b)  -> (artifact id: 'fed9c7e8bd07edf215ff3ff754244db1') in 0.023834 seconds 
  Import took 0.027059 seconds .

========================================================================
Received Import Request.
  Time since last request: 82.668816 seconds.
  path: Assets/Sprites/ico/Ice2.png
  artifactKey: Guid(b2ab3a1b368ee7240b9e56ac0909ce3c) Importer(815301076,1909f56bfc062723c751e8b465ee728b)
Start importing Assets/Sprites/ico/Ice2.png using Guid(b2ab3a1b368ee7240b9e56ac0909ce3c) Importer(815301076,1909f56bfc062723c751e8b465ee728b)  -> (artifact id: '3b076173a0eba9cecb6fe6ff0dbdd9c0') in 0.026417 seconds 
  Import took 0.029980 seconds .

========================================================================
Received Import Request.
  Time since last request: 3.585367 seconds.
  path: Assets/Sprites/ico/Ice1.png
  artifactKey: Guid(006da826408c99349ace6967a19a823f) Importer(815301076,1909f56bfc062723c751e8b465ee728b)
Start importing Assets/Sprites/ico/Ice1.png using Guid(006da826408c99349ace6967a19a823f) Importer(815301076,1909f56bfc062723c751e8b465ee728b)  -> (artifact id: '6534b572a106375ec5e3351a66a11118') in 0.019681 seconds 
  Import took 0.023586 seconds .

========================================================================
Received Import Request.
  Time since last request: 4.434947 seconds.
  path: Assets/Sprites/ico/Stone1.png
  artifactKey: Guid(addee23533d21ff4fb2dab403e693607) Importer(815301076,1909f56bfc062723c751e8b465ee728b)
Start importing Assets/Sprites/ico/Stone1.png using Guid(addee23533d21ff4fb2dab403e693607) Importer(815301076,1909f56bfc062723c751e8b465ee728b)  -> (artifact id: '060af5a99f881701e20ed7827e963463') in 0.017547 seconds 
  Import took 0.021165 seconds .

========================================================================
Received Import Request.
  Time since last request: 3.811686 seconds.
  path: Assets/Sprites/ico/Stone2.png
  artifactKey: Guid(d59b66883728a844ab5274397bc8abfa) Importer(815301076,1909f56bfc062723c751e8b465ee728b)
Start importing Assets/Sprites/ico/Stone2.png using Guid(d59b66883728a844ab5274397bc8abfa) Importer(815301076,1909f56bfc062723c751e8b465ee728b)  -> (artifact id: 'bb5f1b10f51a426437c790c2ccbd25d1') in 0.019976 seconds 
  Import took 0.023706 seconds .

========================================================================
Received Import Request.
  Time since last request: 27.276427 seconds.
  path: Assets/Prefabs/Ice2.prefab
  artifactKey: Guid(de3c1f312bd98794fbeb1355b5e8691f) Importer(815301076,1909f56bfc062723c751e8b465ee728b)
Start importing Assets/Prefabs/Ice2.prefab using Guid(de3c1f312bd98794fbeb1355b5e8691f) Importer(815301076,1909f56bfc062723c751e8b465ee728b)  -> (artifact id: '7e6a12a08ba544fc3af79d4681c54546') in 0.035204 seconds 
  Import took 0.038661 seconds .

========================================================================
Received Import Request.
  Time since last request: 0.009678 seconds.
  path: Assets/Prefabs/Ice2.prefab
  artifactKey: Guid(de3c1f312bd98794fbeb1355b5e8691f) Importer(815301076,1909f56bfc062723c751e8b465ee728b)
Start importing Assets/Prefabs/Ice2.prefab using Guid(de3c1f312bd98794fbeb1355b5e8691f) Importer(815301076,1909f56bfc062723c751e8b465ee728b)  -> (artifact id: '7e6a12a08ba544fc3af79d4681c54546') in 0.013625 seconds 
  Import took 0.016841 seconds .

========================================================================
Received Import Request.
  Time since last request: 13.513115 seconds.
  path: Assets/Prefabs/Stone1.prefab
  artifactKey: Guid(be003eb2ca5bdce48b6f3af3199cf78c) Importer(815301076,1909f56bfc062723c751e8b465ee728b)
Start importing Assets/Prefabs/Stone1.prefab using Guid(be003eb2ca5bdce48b6f3af3199cf78c) Importer(815301076,1909f56bfc062723c751e8b465ee728b)  -> (artifact id: 'e56257f909d712b95795b6950c1849d5') in 0.013950 seconds 
  Import took 0.017843 seconds .

========================================================================
Received Import Request.
  Time since last request: 0.012290 seconds.
  path: Assets/Prefabs/Stone1.prefab
  artifactKey: Guid(be003eb2ca5bdce48b6f3af3199cf78c) Importer(815301076,1909f56bfc062723c751e8b465ee728b)
Start importing Assets/Prefabs/Stone1.prefab using Guid(be003eb2ca5bdce48b6f3af3199cf78c) Importer(815301076,1909f56bfc062723c751e8b465ee728b)  -> (artifact id: 'e56257f909d712b95795b6950c1849d5') in 0.014089 seconds 
  Import took 0.017573 seconds .

========================================================================
Received Import Request.
  Time since last request: 4.690078 seconds.
  path: Assets/Prefabs/Stone2.prefab
  artifactKey: Guid(ee2d3ef9b4326064eaf3c10fcbbae044) Importer(815301076,1909f56bfc062723c751e8b465ee728b)
Start importing Assets/Prefabs/Stone2.prefab using Guid(ee2d3ef9b4326064eaf3c10fcbbae044) Importer(815301076,1909f56bfc062723c751e8b465ee728b)  -> (artifact id: '6a0d786dc39e06ac9e2bcf7a6ec7c1c7') in 0.017523 seconds 
  Import took 0.021432 seconds .

========================================================================
Received Import Request.
  Time since last request: 7.491161 seconds.
  path: Assets/Prefabs/Stone2.prefab
  artifactKey: Guid(ee2d3ef9b4326064eaf3c10fcbbae044) Importer(815301076,1909f56bfc062723c751e8b465ee728b)
Start importing Assets/Prefabs/Stone2.prefab using Guid(ee2d3ef9b4326064eaf3c10fcbbae044) Importer(815301076,1909f56bfc062723c751e8b465ee728b)  -> (artifact id: '4f4a05d3aa2dd4bd3948f5809e5fff40') in 0.018563 seconds 
  Import took 0.023136 seconds .

========================================================================
Received Import Request.
  Time since last request: 0.021903 seconds.
  path: Assets/Prefabs/Stone2.prefab
  artifactKey: Guid(ee2d3ef9b4326064eaf3c10fcbbae044) Importer(815301076,1909f56bfc062723c751e8b465ee728b)
Start importing Assets/Prefabs/Stone2.prefab using Guid(ee2d3ef9b4326064eaf3c10fcbbae044) Importer(815301076,1909f56bfc062723c751e8b465ee728b)  -> (artifact id: '4f4a05d3aa2dd4bd3948f5809e5fff40') in 0.014594 seconds 
  Import took 0.017966 seconds .

========================================================================
Received Import Request.
  Time since last request: 3.617893 seconds.
  path: Assets/Prefabs/Stone2.prefab
  artifactKey: Guid(ee2d3ef9b4326064eaf3c10fcbbae044) Importer(815301076,1909f56bfc062723c751e8b465ee728b)
Start importing Assets/Prefabs/Stone2.prefab using Guid(ee2d3ef9b4326064eaf3c10fcbbae044) Importer(815301076,1909f56bfc062723c751e8b465ee728b)  -> (artifact id: 'ea167c8c6bf0dcff0ef0287008fa507e') in 0.019273 seconds 
  Import took 0.022619 seconds .

========================================================================
Received Import Request.
  Time since last request: 0.013838 seconds.
  path: Assets/Prefabs/Stone2.prefab
  artifactKey: Guid(ee2d3ef9b4326064eaf3c10fcbbae044) Importer(815301076,1909f56bfc062723c751e8b465ee728b)
Start importing Assets/Prefabs/Stone2.prefab using Guid(ee2d3ef9b4326064eaf3c10fcbbae044) Importer(815301076,1909f56bfc062723c751e8b465ee728b)  -> (artifact id: 'ea167c8c6bf0dcff0ef0287008fa507e') in 0.013773 seconds 
  Import took 0.016911 seconds .

========================================================================
Received Import Request.
  Time since last request: 7.412034 seconds.
  path: Assets/Prefabs/Stone1.prefab
  artifactKey: Guid(be003eb2ca5bdce48b6f3af3199cf78c) Importer(815301076,1909f56bfc062723c751e8b465ee728b)
Start importing Assets/Prefabs/Stone1.prefab using Guid(be003eb2ca5bdce48b6f3af3199cf78c) Importer(815301076,1909f56bfc062723c751e8b465ee728b)  -> (artifact id: '1250a692e4460b71815515f5f0c55a48') in 0.016404 seconds 
  Import took 0.020445 seconds .

========================================================================
Received Import Request.
  Time since last request: 2.214581 seconds.
  path: Assets/Prefabs/Stone1.prefab
  artifactKey: Guid(be003eb2ca5bdce48b6f3af3199cf78c) Importer(815301076,1909f56bfc062723c751e8b465ee728b)
Start importing Assets/Prefabs/Stone1.prefab using Guid(be003eb2ca5bdce48b6f3af3199cf78c) Importer(815301076,1909f56bfc062723c751e8b465ee728b)  -> (artifact id: '61e5c363366af2f583525f1639c7899d') in 0.013081 seconds 
  Import took 0.017226 seconds .

========================================================================
Received Import Request.
  Time since last request: 0.025156 seconds.
  path: Assets/Prefabs/Stone1.prefab
  artifactKey: Guid(be003eb2ca5bdce48b6f3af3199cf78c) Importer(815301076,1909f56bfc062723c751e8b465ee728b)
Start importing Assets/Prefabs/Stone1.prefab using Guid(be003eb2ca5bdce48b6f3af3199cf78c) Importer(815301076,1909f56bfc062723c751e8b465ee728b)  -> (artifact id: '61e5c363366af2f583525f1639c7899d') in 0.014159 seconds 
  Import took 0.017343 seconds .

========================================================================
Received Import Request.
  Time since last request: 8.294952 seconds.
  path: Assets/Prefabs/Ice2.prefab
  artifactKey: Guid(de3c1f312bd98794fbeb1355b5e8691f) Importer(815301076,1909f56bfc062723c751e8b465ee728b)
Start importing Assets/Prefabs/Ice2.prefab using Guid(de3c1f312bd98794fbeb1355b5e8691f) Importer(815301076,1909f56bfc062723c751e8b465ee728b)  -> (artifact id: '65f5f2acc1a404db67dd8d5a548e39ce') in 0.014775 seconds 
  Import took 0.018146 seconds .

========================================================================
Received Import Request.
  Time since last request: 8.733651 seconds.
  path: Assets/Prefabs/Ice1.prefab
  artifactKey: Guid(b4c2290f120536c4ba86c3f2bf03003a) Importer(815301076,1909f56bfc062723c751e8b465ee728b)
Start importing Assets/Prefabs/Ice1.prefab using Guid(b4c2290f120536c4ba86c3f2bf03003a) Importer(815301076,1909f56bfc062723c751e8b465ee728b)  -> (artifact id: '7e53a1e6793565129a5f070bd76417ff') in 0.016265 seconds 
  Import took 0.020686 seconds .

========================================================================
Received Import Request.
  Time since last request: 0.007643 seconds.
  path: Assets/Prefabs/Ice1.prefab
  artifactKey: Guid(b4c2290f120536c4ba86c3f2bf03003a) Importer(815301076,1909f56bfc062723c751e8b465ee728b)
Start importing Assets/Prefabs/Ice1.prefab using Guid(b4c2290f120536c4ba86c3f2bf03003a) Importer(815301076,1909f56bfc062723c751e8b465ee728b)  -> (artifact id: '7e53a1e6793565129a5f070bd76417ff') in 0.023476 seconds 
  Import took 0.027358 seconds .

========================================================================
Received Prepare
Registering precompiled user dll's ...
Registered in 0.006213 seconds.
Begin MonoManager ReloadAssembly
Native extension for WindowsStandalone target not found
Refreshing native plugins compatible for Editor in 0.50 ms, found 3 plugins.
Preloading 0 native plugins for Editor in 0.00 ms.
Mono: successfully reloaded assembly
- Completed reload, in  1.200 seconds
Domain Reload Profiling:
	ReloadAssembly (1200ms)
		BeginReloadAssembly (148ms)
			ExecutionOrderSort (0ms)
			DisableScriptedObjects (6ms)
			BackupInstance (0ms)
			ReleaseScriptingObjects (0ms)
			CreateAndSetChildDomain (44ms)
		EndReloadAssembly (994ms)
			LoadAssemblies (121ms)
			RebuildTransferFunctionScriptingTraits (0ms)
			SetupTypeCache (315ms)
			ReleaseScriptCaches (1ms)
			RebuildScriptCaches (52ms)
			SetupLoadedEditorAssemblies (416ms)
				LogAssemblyErrors (0ms)
				InitializePlatformSupportModulesInManaged (6ms)
				SetLoadedEditorAssemblies (0ms)
				RefreshPlugins (1ms)
				BeforeProcessingInitializeOnLoad (86ms)
				ProcessInitializeOnLoadAttributes (315ms)
				ProcessInitializeOnLoadMethodAttributes (6ms)
				AfterProcessingInitializeOnLoad (2ms)
				EditorAssembliesLoaded (0ms)
			ExecutionOrderSort2 (0ms)
			AwakeInstancesAfterBackupRestoration (11ms)
Platform modules already initialized, skipping
Refreshing native plugins compatible for Editor in 0.43 ms, found 3 plugins.
Preloading 0 native plugins for Editor in 0.00 ms.
Unloading 2094 Unused Serialized files (Serialized files now loaded: 0)
System memory in use before: 96.4 MB.
System memory in use after: 96.4 MB.

Unloading 21 unused Assets to reduce memory usage. Loaded Objects now: 2552.
Total: 2.449000 ms (FindLiveObjects: 0.180800 ms CreateObjectMapping: 0.077900 ms MarkObjects: 2.061000 ms  DeleteObjects: 0.128300 ms)

AssetImportParameters requested are different than current active one (requested -> active):
  custom:framework-win-MediaFoundation: 216162199b28c13a410421893ffa2e32 -> 
  custom:video-decoder-ogg-theora: a1e56fd34408186e4bbccfd4996cb3dc -> 
  custom:container-muxer-webm: aa71ff27fc2769a1b78a27578f13a17b -> 
  custom:container-demuxer-webm: 4f35f7cbe854078d1ac9338744f61a02 -> 
  custom:container-demuxer-ogg: 62fdf1f143b41e24485cea50d1cbac27 -> 
  custom:video-encoder-webm-vp8: eb34c28f22e8b96e1ab97ce403110664 -> 
  custom:video-decoder-webm-vp8: 9c59270c3fd7afecdb556c50c9e8de78 -> 
  custom:audio-decoder-ogg-vorbis: bf7c407c2cedff20999df2af8eb42d56 -> 
  custom:audio-encoder-webm-vorbis: bf7c407c2cedff20999df2af8eb42d56 -> 
========================================================================
Received Import Request.
  Time since last request: 56.653718 seconds.
  path: Assets/Sprites/ico/Stone2.png
  artifactKey: Guid(d59b66883728a844ab5274397bc8abfa) Importer(815301076,1909f56bfc062723c751e8b465ee728b)
Start importing Assets/Sprites/ico/Stone2.png using Guid(d59b66883728a844ab5274397bc8abfa) Importer(815301076,1909f56bfc062723c751e8b465ee728b)  -> (artifact id: '57bad248ac881d8678314bef6dfd3029') in 0.062874 seconds 
  Import took 0.066047 seconds .

========================================================================
Received Import Request.
  Time since last request: 0.000272 seconds.
  path: Assets/Sprites/ico/Stone1.png
  artifactKey: Guid(addee23533d21ff4fb2dab403e693607) Importer(815301076,1909f56bfc062723c751e8b465ee728b)
Start importing Assets/Sprites/ico/Stone1.png using Guid(addee23533d21ff4fb2dab403e693607) Importer(815301076,1909f56bfc062723c751e8b465ee728b)  -> (artifact id: '469769e90522c53b4677cbcd7b9bbc37') in 0.018859 seconds 
  Import took 0.022450 seconds .

========================================================================
Received Import Request.
  Time since last request: 138.496226 seconds.
  path: Assets/Sprites/ico/Ice1.png
  artifactKey: Guid(006da826408c99349ace6967a19a823f) Importer(815301076,1909f56bfc062723c751e8b465ee728b)
Start importing Assets/Sprites/ico/Ice1.png using Guid(006da826408c99349ace6967a19a823f) Importer(815301076,1909f56bfc062723c751e8b465ee728b)  -> (artifact id: 'a84f56346f5ab0160518b502fd8b6cfa') in 0.022473 seconds 
  Import took 0.027456 seconds .

========================================================================
Received Import Request.
  Time since last request: 0.000395 seconds.
  path: Assets/Sprites/ico/Stone1.png
  artifactKey: Guid(addee23533d21ff4fb2dab403e693607) Importer(815301076,1909f56bfc062723c751e8b465ee728b)
Start importing Assets/Sprites/ico/Stone1.png using Guid(addee23533d21ff4fb2dab403e693607) Importer(815301076,1909f56bfc062723c751e8b465ee728b)  -> (artifact id: 'e3728419137db504353ec7b17d17afe8') in 0.015313 seconds 
  Import took 0.019964 seconds .

========================================================================
Received Import Request.
  Time since last request: 0.000256 seconds.
  path: Assets/Sprites/ico/Stone2.png
  artifactKey: Guid(d59b66883728a844ab5274397bc8abfa) Importer(815301076,1909f56bfc062723c751e8b465ee728b)
Start importing Assets/Sprites/ico/Stone2.png using Guid(d59b66883728a844ab5274397bc8abfa) Importer(815301076,1909f56bfc062723c751e8b465ee728b)  -> (artifact id: '8a4e8c15ed8f50ec0a32f81c4f76c78a') in 0.015885 seconds 
  Import took 0.019731 seconds .

========================================================================
Received Import Request.
  Time since last request: 0.000332 seconds.
  path: Assets/Sprites/ico/Ice2.png
  artifactKey: Guid(b2ab3a1b368ee7240b9e56ac0909ce3c) Importer(815301076,1909f56bfc062723c751e8b465ee728b)
Start importing Assets/Sprites/ico/Ice2.png using Guid(b2ab3a1b368ee7240b9e56ac0909ce3c) Importer(815301076,1909f56bfc062723c751e8b465ee728b)  -> (artifact id: 'add782ab8581fa3fe51a134b07d3332c') in 0.017246 seconds 
  Import took 0.020532 seconds .

========================================================================
Received Import Request.
  Time since last request: 0.000367 seconds.
  path: Assets/Sprites/ico/Ice1.png
  artifactKey: Guid(006da826408c99349ace6967a19a823f) Importer(815301076,1909f56bfc062723c751e8b465ee728b)
Start importing Assets/Sprites/ico/Ice1.png using Guid(006da826408c99349ace6967a19a823f) Importer(815301076,1909f56bfc062723c751e8b465ee728b)  -> (artifact id: 'a84f56346f5ab0160518b502fd8b6cfa') in 0.015714 seconds 
  Import took 0.020477 seconds .

========================================================================
Received Prepare
Registering precompiled user dll's ...
Registered in 0.007925 seconds.
Begin MonoManager ReloadAssembly
Native extension for WindowsStandalone target not found
Refreshing native plugins compatible for Editor in 0.45 ms, found 3 plugins.
Preloading 0 native plugins for Editor in 0.00 ms.
Mono: successfully reloaded assembly
- Completed reload, in  1.134 seconds
Domain Reload Profiling:
	ReloadAssembly (1134ms)
		BeginReloadAssembly (136ms)
			ExecutionOrderSort (0ms)
			DisableScriptedObjects (6ms)
			BackupInstance (0ms)
			ReleaseScriptingObjects (0ms)
			CreateAndSetChildDomain (35ms)
		EndReloadAssembly (927ms)
			LoadAssemblies (111ms)
			RebuildTransferFunctionScriptingTraits (0ms)
			SetupTypeCache (283ms)
			ReleaseScriptCaches (1ms)
			RebuildScriptCaches (51ms)
			SetupLoadedEditorAssemblies (390ms)
				LogAssemblyErrors (0ms)
				InitializePlatformSupportModulesInManaged (6ms)
				SetLoadedEditorAssemblies (1ms)
				RefreshPlugins (0ms)
				BeforeProcessingInitializeOnLoad (80ms)
				ProcessInitializeOnLoadAttributes (295ms)
				ProcessInitializeOnLoadMethodAttributes (6ms)
				AfterProcessingInitializeOnLoad (2ms)
				EditorAssembliesLoaded (0ms)
			ExecutionOrderSort2 (0ms)
			AwakeInstancesAfterBackupRestoration (10ms)
Platform modules already initialized, skipping
Refreshing native plugins compatible for Editor in 0.62 ms, found 3 plugins.
Preloading 0 native plugins for Editor in 0.00 ms.
Unloading 2094 Unused Serialized files (Serialized files now loaded: 0)
System memory in use before: 96.4 MB.
System memory in use after: 96.4 MB.

Unloading 21 unused Assets to reduce memory usage. Loaded Objects now: 2556.
Total: 2.720800 ms (FindLiveObjects: 0.295700 ms CreateObjectMapping: 0.098800 ms MarkObjects: 2.213300 ms  DeleteObjects: 0.111800 ms)

AssetImportParameters requested are different than current active one (requested -> active):
  custom:framework-win-MediaFoundation: 216162199b28c13a410421893ffa2e32 -> 
  custom:video-decoder-ogg-theora: a1e56fd34408186e4bbccfd4996cb3dc -> 
  custom:container-muxer-webm: aa71ff27fc2769a1b78a27578f13a17b -> 
  custom:container-demuxer-webm: 4f35f7cbe854078d1ac9338744f61a02 -> 
  custom:container-demuxer-ogg: 62fdf1f143b41e24485cea50d1cbac27 -> 
  custom:video-encoder-webm-vp8: eb34c28f22e8b96e1ab97ce403110664 -> 
  custom:video-decoder-webm-vp8: 9c59270c3fd7afecdb556c50c9e8de78 -> 
  custom:audio-decoder-ogg-vorbis: bf7c407c2cedff20999df2af8eb42d56 -> 
  custom:audio-encoder-webm-vorbis: bf7c407c2cedff20999df2af8eb42d56 -> 
========================================================================
Received Prepare
Registering precompiled user dll's ...
Registered in 0.015994 seconds.
Begin MonoManager ReloadAssembly
Native extension for WindowsStandalone target not found
Refreshing native plugins compatible for Editor in 0.46 ms, found 3 plugins.
Preloading 0 native plugins for Editor in 0.00 ms.
Mono: successfully reloaded assembly
- Completed reload, in  1.265 seconds
Domain Reload Profiling:
	ReloadAssembly (1266ms)
		BeginReloadAssembly (155ms)
			ExecutionOrderSort (0ms)
			DisableScriptedObjects (7ms)
			BackupInstance (0ms)
			ReleaseScriptingObjects (0ms)
			CreateAndSetChildDomain (48ms)
		EndReloadAssembly (1021ms)
			LoadAssemblies (161ms)
			RebuildTransferFunctionScriptingTraits (0ms)
			SetupTypeCache (329ms)
			ReleaseScriptCaches (1ms)
			RebuildScriptCaches (58ms)
			SetupLoadedEditorAssemblies (392ms)
				LogAssemblyErrors (0ms)
				InitializePlatformSupportModulesInManaged (5ms)
				SetLoadedEditorAssemblies (0ms)
				RefreshPlugins (1ms)
				BeforeProcessingInitializeOnLoad (78ms)
				ProcessInitializeOnLoadAttributes (300ms)
				ProcessInitializeOnLoadMethodAttributes (6ms)
				AfterProcessingInitializeOnLoad (2ms)
				EditorAssembliesLoaded (0ms)
			ExecutionOrderSort2 (0ms)
			AwakeInstancesAfterBackupRestoration (10ms)
Platform modules already initialized, skipping
Refreshing native plugins compatible for Editor in 0.43 ms, found 3 plugins.
Preloading 0 native plugins for Editor in 0.00 ms.
Unloading 2094 Unused Serialized files (Serialized files now loaded: 0)
System memory in use before: 96.5 MB.
System memory in use after: 96.5 MB.

Unloading 21 unused Assets to reduce memory usage. Loaded Objects now: 2559.
Total: 2.087800 ms (FindLiveObjects: 0.164900 ms CreateObjectMapping: 0.062600 ms MarkObjects: 1.763900 ms  DeleteObjects: 0.095500 ms)

AssetImportParameters requested are different than current active one (requested -> active):
  custom:framework-win-MediaFoundation: 216162199b28c13a410421893ffa2e32 -> 
  custom:video-decoder-ogg-theora: a1e56fd34408186e4bbccfd4996cb3dc -> 
  custom:container-muxer-webm: aa71ff27fc2769a1b78a27578f13a17b -> 
  custom:container-demuxer-webm: 4f35f7cbe854078d1ac9338744f61a02 -> 
  custom:container-demuxer-ogg: 62fdf1f143b41e24485cea50d1cbac27 -> 
  custom:video-encoder-webm-vp8: eb34c28f22e8b96e1ab97ce403110664 -> 
  custom:video-decoder-webm-vp8: 9c59270c3fd7afecdb556c50c9e8de78 -> 
  custom:audio-decoder-ogg-vorbis: bf7c407c2cedff20999df2af8eb42d56 -> 
  custom:audio-encoder-webm-vorbis: bf7c407c2cedff20999df2af8eb42d56 -> 
AssetImportWorkerClient::OnTransportError - code=2 error=End of file
