Using pre-set license
Built from '2020.3/release' branch; Version is '2020.3.15f2 (6cf78cb77498) revision 7141260'; Using compiler version '192528614'; Build Type 'Release'
OS: 'Windows 10 Enterprise; OS build 19041.1165; Version 2004; 64bit' Language: 'ru' Physical Memory: 8111 MB
BatchMode: 1, IsHumanControllingUs: 0, StartBugReporterOnCrash: 0, Is64bit: 1, IsPro: 0

 COMMAND LINE ARGUMENTS:
D:\Program files\Unity Editor\2020.3.15f2\Editor\Unity.exe
-adb2
-batchMode
-noUpm
-name
AssetImportWorker0
-projectPath
D:/Projects/Unity/Match 3
-logFile
Logs/AssetImportWorker0.log
-srvPort
49943
Successfully changed project path to: D:/Projects/Unity/Match 3
D:/Projects/Unity/Match 3
Using Asset Import Pipeline V2.
Refreshing native plugins compatible for Editor in 38.99 ms, found 3 plugins.
Preloading 0 native plugins for Editor in 0.00 ms.
Initialize engine version: 2020.3.15f2 (6cf78cb77498)
[Subsystems] Discovering subsystems at path D:/Program files/Unity Editor/2020.3.15f2/Editor/Data/Resources/UnitySubsystems
[Subsystems] Discovering subsystems at path D:/Projects/Unity/Match 3/Assets
GfxDevice: creating device client; threaded=0
Direct3D:
    Version:  Direct3D 11.0 [level 11.1]
    Renderer: NVIDIA GeForce GTX 1650 (ID=0x1f91)
    Vendor:   
    VRAM:     3962 MB
    Driver:   27.21.14.6172
Initialize mono
Mono path[0] = 'D:/Program files/Unity Editor/2020.3.15f2/Editor/Data/Managed'
Mono path[1] = 'D:/Program files/Unity Editor/2020.3.15f2/Editor/Data/MonoBleedingEdge/lib/mono/unityjit'
Mono config path = 'D:/Program files/Unity Editor/2020.3.15f2/Editor/Data/MonoBleedingEdge/etc'
Using monoOptions --debugger-agent=transport=dt_socket,embedding=1,server=y,suspend=n,address=127.0.0.1:56112
Begin MonoManager ReloadAssembly
Registering precompiled unity dll's ...
Register platform support module: D:/Program files/Unity Editor/2020.3.15f2/Editor/Data/PlaybackEngines/WindowsStandaloneSupport/UnityEditor.WindowsStandalone.Extensions.dll
Registered in 0.001286 seconds.
Native extension for WindowsStandalone target not found
Refreshing native plugins compatible for Editor in 37.94 ms, found 3 plugins.
Preloading 0 native plugins for Editor in 0.00 ms.
Mono: successfully reloaded assembly
- Completed reload, in  1.311 seconds
Domain Reload Profiling:
	ReloadAssembly (1311ms)
		BeginReloadAssembly (70ms)
			ExecutionOrderSort (0ms)
			DisableScriptedObjects (0ms)
			BackupInstance (0ms)
			ReleaseScriptingObjects (0ms)
			CreateAndSetChildDomain (1ms)
		EndReloadAssembly (450ms)
			LoadAssemblies (69ms)
			RebuildTransferFunctionScriptingTraits (0ms)
			SetupTypeCache (171ms)
			ReleaseScriptCaches (0ms)
			RebuildScriptCaches (37ms)
			SetupLoadedEditorAssemblies (167ms)
				LogAssemblyErrors (0ms)
				InitializePlatformSupportModulesInManaged (4ms)
				SetLoadedEditorAssemblies (0ms)
				RefreshPlugins (38ms)
				BeforeProcessingInitializeOnLoad (14ms)
				ProcessInitializeOnLoadAttributes (82ms)
				ProcessInitializeOnLoadMethodAttributes (29ms)
				AfterProcessingInitializeOnLoad (0ms)
				EditorAssembliesLoaded (0ms)
			ExecutionOrderSort2 (0ms)
			AwakeInstancesAfterBackupRestoration (0ms)
Platform modules already initialized, skipping
Registering precompiled user dll's ...
Registered in 0.004085 seconds.
Begin MonoManager ReloadAssembly
Native extension for WindowsStandalone target not found
Refreshing native plugins compatible for Editor in 42.34 ms, found 3 plugins.
Preloading 0 native plugins for Editor in 0.00 ms.
Mono: successfully reloaded assembly
- Completed reload, in  1.232 seconds
Domain Reload Profiling:
	ReloadAssembly (1233ms)
		BeginReloadAssembly (155ms)
			ExecutionOrderSort (0ms)
			DisableScriptedObjects (5ms)
			BackupInstance (0ms)
			ReleaseScriptingObjects (0ms)
			CreateAndSetChildDomain (18ms)
		EndReloadAssembly (1020ms)
			LoadAssemblies (109ms)
			RebuildTransferFunctionScriptingTraits (0ms)
			SetupTypeCache (277ms)
			ReleaseScriptCaches (0ms)
			RebuildScriptCaches (54ms)
			SetupLoadedEditorAssemblies (465ms)
				LogAssemblyErrors (0ms)
				InitializePlatformSupportModulesInManaged (4ms)
				SetLoadedEditorAssemblies (0ms)
				RefreshPlugins (42ms)
				BeforeProcessingInitializeOnLoad (83ms)
				ProcessInitializeOnLoadAttributes (318ms)
				ProcessInitializeOnLoadMethodAttributes (13ms)
				AfterProcessingInitializeOnLoad (4ms)
				EditorAssembliesLoaded (0ms)
			ExecutionOrderSort2 (0ms)
			AwakeInstancesAfterBackupRestoration (6ms)
Platform modules already initialized, skipping
========================================================================
Worker process is ready to serve import requests
Launched and connected shader compiler UnityShaderCompiler.exe after 0.07 seconds
Refreshing native plugins compatible for Editor in 0.45 ms, found 3 plugins.
Preloading 0 native plugins for Editor in 0.00 ms.
Unloading 2094 Unused Serialized files (Serialized files now loaded: 0)
System memory in use before: 93.2 MB.
System memory in use after: 93.2 MB.

Unloading 33 unused Assets to reduce memory usage. Loaded Objects now: 2527.
Total: 2.645400 ms (FindLiveObjects: 0.221400 ms CreateObjectMapping: 0.073700 ms MarkObjects: 2.232100 ms  DeleteObjects: 0.117000 ms)

AssetImportParameters requested are different than current active one (requested -> active):
  custom:framework-win-MediaFoundation: 216162199b28c13a410421893ffa2e32 -> 
  custom:video-decoder-ogg-theora: a1e56fd34408186e4bbccfd4996cb3dc -> 
  custom:container-muxer-webm: aa71ff27fc2769a1b78a27578f13a17b -> 
  custom:container-demuxer-webm: 4f35f7cbe854078d1ac9338744f61a02 -> 
  custom:container-demuxer-ogg: 62fdf1f143b41e24485cea50d1cbac27 -> 
  custom:video-encoder-webm-vp8: eb34c28f22e8b96e1ab97ce403110664 -> 
  custom:video-decoder-webm-vp8: 9c59270c3fd7afecdb556c50c9e8de78 -> 
  custom:audio-decoder-ogg-vorbis: bf7c407c2cedff20999df2af8eb42d56 -> 
  custom:audio-encoder-webm-vorbis: bf7c407c2cedff20999df2af8eb42d56 -> 
========================================================================
Received Import Request.
  path: Assets/Palettes/MoveableItems.prefab
  artifactKey: Guid(1884ae3d515196f46838af2854fd01b8) Importer(815301076,1909f56bfc062723c751e8b465ee728b)
Start importing Assets/Palettes/MoveableItems.prefab using Guid(1884ae3d515196f46838af2854fd01b8) Importer(815301076,1909f56bfc062723c751e8b465ee728b)  -> (artifact id: 'ce5efb93d25a7a1d6ad05c57ee9142da') in 0.108279 seconds 
  Import took 0.112009 seconds .

========================================================================
Received Import Request.
  Time since last request: 0.000394 seconds.
  path: Assets/Palettes
  artifactKey: Guid(a639b7d509ad9bd43a7869d85640e778) Importer(815301076,1909f56bfc062723c751e8b465ee728b)
Start importing Assets/Palettes using Guid(a639b7d509ad9bd43a7869d85640e778) Importer(815301076,1909f56bfc062723c751e8b465ee728b)  -> (artifact id: '7c0ea268b5572aca515be402b2bb5fe3') in 0.005718 seconds 
  Import took 0.008988 seconds .

========================================================================
Received Import Request.
  Time since last request: 0.000293 seconds.
  path: Assets/Palettes/Border.prefab
  artifactKey: Guid(e33a43570675f61479b264b80ed878ce) Importer(815301076,1909f56bfc062723c751e8b465ee728b)
Start importing Assets/Palettes/Border.prefab using Guid(e33a43570675f61479b264b80ed878ce) Importer(815301076,1909f56bfc062723c751e8b465ee728b)  -> (artifact id: '0cb0fb6d0aa9f11d3b8cac80f0c5336b') in 0.014395 seconds 
  Import took 0.017910 seconds .

========================================================================
Received Import Request.
  Time since last request: 0.000334 seconds.
  path: Assets/Palettes/Background.prefab
  artifactKey: Guid(1be5b8f4d836dd046a9594e0c9455e63) Importer(815301076,1909f56bfc062723c751e8b465ee728b)
Start importing Assets/Palettes/Background.prefab using Guid(1be5b8f4d836dd046a9594e0c9455e63) Importer(815301076,1909f56bfc062723c751e8b465ee728b)  -> (artifact id: '50b0bdef3a0975beb35b2b49b72db58e') in 0.019244 seconds 
  Import took 0.022904 seconds .

========================================================================
Received Import Request.
  Time since last request: 90.251000 seconds.
  path: Assets/Sprites/ico/1.png
  artifactKey: Guid(96b8176f4ffe6d940818f42e8eb30de0) Importer(815301076,1909f56bfc062723c751e8b465ee728b)
Start importing Assets/Sprites/ico/1.png using Guid(96b8176f4ffe6d940818f42e8eb30de0) Importer(815301076,1909f56bfc062723c751e8b465ee728b)  -> (artifact id: 'c173fc3ecdcd0b71b52a9e076a4dd7de') in 0.037935 seconds 
  Import took 0.041255 seconds .

========================================================================
Received Import Request.
  Time since last request: 0.000274 seconds.
  path: Assets/Sprites/ico/3.png
  artifactKey: Guid(36e7ae7a28e2a2f43916385021c48be8) Importer(815301076,1909f56bfc062723c751e8b465ee728b)
Start importing Assets/Sprites/ico/3.png using Guid(36e7ae7a28e2a2f43916385021c48be8) Importer(815301076,1909f56bfc062723c751e8b465ee728b)  -> (artifact id: '5cc5d7893ab797a58ef7d218948faa31') in 0.025394 seconds 
  Import took 0.028772 seconds .

========================================================================
Received Import Request.
  Time since last request: 0.000254 seconds.
  path: Assets/Sprites/ico/7.png
  artifactKey: Guid(b3af72936af40cd449b7d0c37d9ec2d8) Importer(815301076,1909f56bfc062723c751e8b465ee728b)
Start importing Assets/Sprites/ico/7.png using Guid(b3af72936af40cd449b7d0c37d9ec2d8) Importer(815301076,1909f56bfc062723c751e8b465ee728b)  -> (artifact id: 'eb3c75d1ec2aa982eaec49cfd1563024') in 0.017453 seconds 
  Import took 0.020511 seconds .

========================================================================
Received Import Request.
  Time since last request: 0.000215 seconds.
  path: Assets/Sprites/ico/18.png
  artifactKey: Guid(4bccfd6c578606c48bd0de2050fe6179) Importer(815301076,1909f56bfc062723c751e8b465ee728b)
Start importing Assets/Sprites/ico/18.png using Guid(4bccfd6c578606c48bd0de2050fe6179) Importer(815301076,1909f56bfc062723c751e8b465ee728b)  -> (artifact id: '5a2a390dab237478946736048617e396') in 0.018935 seconds 
  Import took 0.022045 seconds .

========================================================================
Received Import Request.
  Time since last request: 0.000269 seconds.
  path: Assets/Sprites/ico/9.png
  artifactKey: Guid(4cc9c1db7d849354fad255cedfd6a105) Importer(815301076,1909f56bfc062723c751e8b465ee728b)
Start importing Assets/Sprites/ico/9.png using Guid(4cc9c1db7d849354fad255cedfd6a105) Importer(815301076,1909f56bfc062723c751e8b465ee728b)  -> (artifact id: '7d97517dc694a60b79a46f1c26119437') in 0.020602 seconds 
  Import took 0.024475 seconds .

========================================================================
Received Import Request.
  Time since last request: 0.000273 seconds.
  path: Assets/Sprites/ico/8.png
  artifactKey: Guid(a7b7923d2b61b9642850500de5611840) Importer(815301076,1909f56bfc062723c751e8b465ee728b)
Start importing Assets/Sprites/ico/8.png using Guid(a7b7923d2b61b9642850500de5611840) Importer(815301076,1909f56bfc062723c751e8b465ee728b)  -> (artifact id: 'bc9cc82fa3bd62f1a5766da012f43ac5') in 0.021332 seconds 
  Import took 0.024289 seconds .

========================================================================
Received Import Request.
  Time since last request: 0.000249 seconds.
  path: Assets/Sprites/ico/17.png
  artifactKey: Guid(3aa8ef8a0b10dec45a3cbfaa5c3e912c) Importer(815301076,1909f56bfc062723c751e8b465ee728b)
Start importing Assets/Sprites/ico/17.png using Guid(3aa8ef8a0b10dec45a3cbfaa5c3e912c) Importer(815301076,1909f56bfc062723c751e8b465ee728b)  -> (artifact id: '81a1a6302635f56d06e3f9e2158896da') in 0.019954 seconds 
  Import took 0.023275 seconds .

========================================================================
Received Import Request.
  Time since last request: 0.000323 seconds.
  path: Assets/Sprites/ico/2.png
  artifactKey: Guid(0a6a371bf7a1fb54c94cf79b1ea557d7) Importer(815301076,1909f56bfc062723c751e8b465ee728b)
Start importing Assets/Sprites/ico/2.png using Guid(0a6a371bf7a1fb54c94cf79b1ea557d7) Importer(815301076,1909f56bfc062723c751e8b465ee728b)  -> (artifact id: '95b71a7980740308c1c88b3d0b5ebe9f') in 0.017559 seconds 
  Import took 0.020540 seconds .

========================================================================
Received Import Request.
  Time since last request: 0.000266 seconds.
  path: Assets/Sprites/ico/12.png
  artifactKey: Guid(3b856ea13ec3354478e173a05f5d9da8) Importer(815301076,1909f56bfc062723c751e8b465ee728b)
Start importing Assets/Sprites/ico/12.png using Guid(3b856ea13ec3354478e173a05f5d9da8) Importer(815301076,1909f56bfc062723c751e8b465ee728b)  -> (artifact id: 'be8dd8d4d128b75aa3806cbd7dd43dfb') in 0.017496 seconds 
  Import took 0.020555 seconds .

========================================================================
Received Import Request.
  Time since last request: 0.000338 seconds.
  path: Assets/Sprites/ico/19.png
  artifactKey: Guid(51c7437d982999249b935f0f702aa9a9) Importer(815301076,1909f56bfc062723c751e8b465ee728b)
Start importing Assets/Sprites/ico/19.png using Guid(51c7437d982999249b935f0f702aa9a9) Importer(815301076,1909f56bfc062723c751e8b465ee728b)  -> (artifact id: 'f9b135192503f5a139925d4d368266fd') in 0.018791 seconds 
  Import took 0.022030 seconds .

========================================================================
Received Import Request.
  Time since last request: 0.000320 seconds.
  path: Assets/Sprites/ico/15.png
  artifactKey: Guid(0fe5b7ea0cb3bf94a8a2fab22da726d9) Importer(815301076,1909f56bfc062723c751e8b465ee728b)
Start importing Assets/Sprites/ico/15.png using Guid(0fe5b7ea0cb3bf94a8a2fab22da726d9) Importer(815301076,1909f56bfc062723c751e8b465ee728b)  -> (artifact id: '3bb7f624194bc789193b4baa1bc67c0b') in 0.014488 seconds 
  Import took 0.018071 seconds .

========================================================================
Received Import Request.
  Time since last request: 0.000595 seconds.
  path: Assets/Sprites/ico/6.png
  artifactKey: Guid(2fb2955f4974af8438a0c112e931b2c2) Importer(815301076,1909f56bfc062723c751e8b465ee728b)
Start importing Assets/Sprites/ico/6.png using Guid(2fb2955f4974af8438a0c112e931b2c2) Importer(815301076,1909f56bfc062723c751e8b465ee728b)  -> (artifact id: 'b73fac5a4ca338a09a3288124078d3ab') in 0.017025 seconds 
  Import took 0.020210 seconds .

========================================================================
Received Import Request.
  Time since last request: 0.000370 seconds.
  path: Assets/Sprites/ico/13.png
  artifactKey: Guid(695232578214d254799899821ec45b62) Importer(815301076,1909f56bfc062723c751e8b465ee728b)
Start importing Assets/Sprites/ico/13.png using Guid(695232578214d254799899821ec45b62) Importer(815301076,1909f56bfc062723c751e8b465ee728b)  -> (artifact id: 'dd0600685a7201cd6cbe0125f2d0a577') in 0.013602 seconds 
  Import took 0.016956 seconds .

========================================================================
Received Import Request.
  Time since last request: 0.000325 seconds.
  path: Assets/Sprites/ico/11.png
  artifactKey: Guid(960cc34aab6bdcd4e8848c9b57719dad) Importer(815301076,1909f56bfc062723c751e8b465ee728b)
Start importing Assets/Sprites/ico/11.png using Guid(960cc34aab6bdcd4e8848c9b57719dad) Importer(815301076,1909f56bfc062723c751e8b465ee728b)  -> (artifact id: '0e3d97267fef14d3b4aa76cb80cf5e8b') in 0.019773 seconds 
  Import took 0.022963 seconds .

========================================================================
Received Import Request.
  Time since last request: 0.000325 seconds.
  path: Assets/Sprites/ico/5.png
  artifactKey: Guid(ee233ad62f79f394abb0d1dfd8d46dd8) Importer(815301076,1909f56bfc062723c751e8b465ee728b)
Start importing Assets/Sprites/ico/5.png using Guid(ee233ad62f79f394abb0d1dfd8d46dd8) Importer(815301076,1909f56bfc062723c751e8b465ee728b)  -> (artifact id: 'fb599d9855843151141a68c0ea77abfc') in 0.015834 seconds 
  Import took 0.019143 seconds .

========================================================================
Received Import Request.
  Time since last request: 0.000349 seconds.
  path: Assets/Sprites/ico/4.png
  artifactKey: Guid(2576ef1eff63dd842bd30f7ece164100) Importer(815301076,1909f56bfc062723c751e8b465ee728b)
Start importing Assets/Sprites/ico/4.png using Guid(2576ef1eff63dd842bd30f7ece164100) Importer(815301076,1909f56bfc062723c751e8b465ee728b)  -> (artifact id: '9610413e15bca42b9c66fe1611a4fc98') in 0.017231 seconds 
  Import took 0.020396 seconds .

========================================================================
Received Import Request.
  Time since last request: 0.000296 seconds.
  path: Assets/Sprites/ico/14.png
  artifactKey: Guid(d283c206deb886e429c436b3f2bda5c4) Importer(815301076,1909f56bfc062723c751e8b465ee728b)
Start importing Assets/Sprites/ico/14.png using Guid(d283c206deb886e429c436b3f2bda5c4) Importer(815301076,1909f56bfc062723c751e8b465ee728b)  -> (artifact id: '0a1c5257b658f9f98c8709fcfcde0a48') in 0.014957 seconds 
  Import took 0.018205 seconds .

========================================================================
Received Import Request.
  Time since last request: 0.000257 seconds.
  path: Assets/Sprites/ico/16.png
  artifactKey: Guid(195df5c51959c294392a5742f6688093) Importer(815301076,1909f56bfc062723c751e8b465ee728b)
Start importing Assets/Sprites/ico/16.png using Guid(195df5c51959c294392a5742f6688093) Importer(815301076,1909f56bfc062723c751e8b465ee728b)  -> (artifact id: '5854941bbb973fe17aa630a3d7ea89da') in 0.014432 seconds 
  Import took 0.017356 seconds .

========================================================================
Received Import Request.
  Time since last request: 0.000317 seconds.
  path: Assets/Sprites/ico/10.png
  artifactKey: Guid(6d3538c8468754049874deaaace7d7a0) Importer(815301076,1909f56bfc062723c751e8b465ee728b)
Start importing Assets/Sprites/ico/10.png using Guid(6d3538c8468754049874deaaace7d7a0) Importer(815301076,1909f56bfc062723c751e8b465ee728b)  -> (artifact id: '82589542e0498193e609806ef9ee3c25') in 0.019364 seconds 
  Import took 0.022268 seconds .

========================================================================
Received Import Request.
  Time since last request: 38.501027 seconds.
  path: Assets/Sprites/ico/20.png
  artifactKey: Guid(50d85aa3a018d2e48b1fda8f15295db8) Importer(815301076,1909f56bfc062723c751e8b465ee728b)
Start importing Assets/Sprites/ico/20.png using Guid(50d85aa3a018d2e48b1fda8f15295db8) Importer(815301076,1909f56bfc062723c751e8b465ee728b)  -> (artifact id: '70cc6263e555753897ac183abbb887d6') in 0.016875 seconds 
  Import took 0.020408 seconds .

========================================================================
Received Import Request.
  Time since last request: 0.009204 seconds.
  path: Assets/Sprites/ico/20.png
  artifactKey: Guid(50d85aa3a018d2e48b1fda8f15295db8) Importer(815301076,1909f56bfc062723c751e8b465ee728b)
Start importing Assets/Sprites/ico/20.png using Guid(50d85aa3a018d2e48b1fda8f15295db8) Importer(815301076,1909f56bfc062723c751e8b465ee728b)  -> (artifact id: '70cc6263e555753897ac183abbb887d6') in 0.023473 seconds 
  Import took 0.026961 seconds .

========================================================================
Received Import Request.
  Time since last request: 0.000342 seconds.
  path: Assets/Sprites/ico/21.png
  artifactKey: Guid(01163c58f49b9ec439720fc0bacbcd53) Importer(815301076,1909f56bfc062723c751e8b465ee728b)
Start importing Assets/Sprites/ico/21.png using Guid(01163c58f49b9ec439720fc0bacbcd53) Importer(815301076,1909f56bfc062723c751e8b465ee728b)  -> (artifact id: 'b7122b6885564a3be6f825d6c2207ba7') in 0.024619 seconds 
  Import took 0.028281 seconds .

========================================================================
Received Import Request.
  Time since last request: 33.531895 seconds.
  path: Assets/Scripts
  artifactKey: Guid(a733d4a13a0f425449f2a742b1691a58) Importer(815301076,1909f56bfc062723c751e8b465ee728b)
Start importing Assets/Scripts using Guid(a733d4a13a0f425449f2a742b1691a58) Importer(815301076,1909f56bfc062723c751e8b465ee728b)  -> (artifact id: '33c5905232f32075780dce5aa1cca582') in 0.006006 seconds 
  Import took 0.009723 seconds .

========================================================================
Received Import Request.
  Time since last request: 1.141484 seconds.
  path: Assets/TilesEditor.cs
  artifactKey: Guid(a7486207e0078c748a33caf11a8b6f55) Importer(815301076,1909f56bfc062723c751e8b465ee728b)
Start importing Assets/TilesEditor.cs using Guid(a7486207e0078c748a33caf11a8b6f55) Importer(815301076,1909f56bfc062723c751e8b465ee728b)  -> (artifact id: '3a46d98ed83504f7e13a36e11a121e1d') in 0.010667 seconds 
  Import took 0.014774 seconds .

========================================================================
Received Import Request.
  Time since last request: 0.006667 seconds.
  path: Assets/TilesEditor.cs
  artifactKey: Guid(a7486207e0078c748a33caf11a8b6f55) Importer(815301076,1909f56bfc062723c751e8b465ee728b)
Start importing Assets/TilesEditor.cs using Guid(a7486207e0078c748a33caf11a8b6f55) Importer(815301076,1909f56bfc062723c751e8b465ee728b)  -> (artifact id: '3a46d98ed83504f7e13a36e11a121e1d') in 0.002718 seconds 
  Import took 0.007932 seconds .

========================================================================
Received Prepare
Registering precompiled user dll's ...
Registered in 0.003732 seconds.
Begin MonoManager ReloadAssembly
Native extension for WindowsStandalone target not found
Refreshing native plugins compatible for Editor in 0.46 ms, found 3 plugins.
Preloading 0 native plugins for Editor in 0.00 ms.
Mono: successfully reloaded assembly
- Completed reload, in  1.268 seconds
Domain Reload Profiling:
	ReloadAssembly (1268ms)
		BeginReloadAssembly (147ms)
			ExecutionOrderSort (0ms)
			DisableScriptedObjects (15ms)
			BackupInstance (0ms)
			ReleaseScriptingObjects (0ms)
			CreateAndSetChildDomain (38ms)
		EndReloadAssembly (1067ms)
			LoadAssemblies (116ms)
			RebuildTransferFunctionScriptingTraits (0ms)
			SetupTypeCache (279ms)
			ReleaseScriptCaches (1ms)
			RebuildScriptCaches (49ms)
			SetupLoadedEditorAssemblies (489ms)
				LogAssemblyErrors (0ms)
				InitializePlatformSupportModulesInManaged (5ms)
				SetLoadedEditorAssemblies (0ms)
				RefreshPlugins (1ms)
				BeforeProcessingInitializeOnLoad (105ms)
				ProcessInitializeOnLoadAttributes (368ms)
				ProcessInitializeOnLoadMethodAttributes (7ms)
				AfterProcessingInitializeOnLoad (3ms)
				EditorAssembliesLoaded (0ms)
			ExecutionOrderSort2 (0ms)
			AwakeInstancesAfterBackupRestoration (23ms)
Platform modules already initialized, skipping
Script is not up to date after domain reload: guid(8778120604b21c04fa1492a106e8d6d6) path("Assets/TilesEditor.cs") state(2)
Refreshing native plugins compatible for Editor in 0.46 ms, found 3 plugins.
Preloading 0 native plugins for Editor in 0.00 ms.
Unloading 2089 Unused Serialized files (Serialized files now loaded: 0)
System memory in use before: 96.2 MB.
System memory in use after: 96.2 MB.

Unloading 21 unused Assets to reduce memory usage. Loaded Objects now: 2568.
Total: 2.561300 ms (FindLiveObjects: 0.176700 ms CreateObjectMapping: 0.069400 ms MarkObjects: 2.224300 ms  DeleteObjects: 0.090000 ms)

AssetImportParameters requested are different than current active one (requested -> active):
  custom:framework-win-MediaFoundation: 216162199b28c13a410421893ffa2e32 -> 
  custom:video-decoder-ogg-theora: a1e56fd34408186e4bbccfd4996cb3dc -> 
  custom:container-muxer-webm: aa71ff27fc2769a1b78a27578f13a17b -> 
  custom:container-demuxer-webm: 4f35f7cbe854078d1ac9338744f61a02 -> 
  custom:container-demuxer-ogg: 62fdf1f143b41e24485cea50d1cbac27 -> 
  custom:video-encoder-webm-vp8: eb34c28f22e8b96e1ab97ce403110664 -> 
  custom:video-decoder-webm-vp8: 9c59270c3fd7afecdb556c50c9e8de78 -> 
  custom:audio-decoder-ogg-vorbis: bf7c407c2cedff20999df2af8eb42d56 -> 
  custom:audio-encoder-webm-vorbis: bf7c407c2cedff20999df2af8eb42d56 -> 
========================================================================
Received Import Request.
  Time since last request: 39.966846 seconds.
  path: Assets/TilesEditor.cs
  artifactKey: Guid(8778120604b21c04fa1492a106e8d6d6) Importer(815301076,1909f56bfc062723c751e8b465ee728b)
Start importing Assets/TilesEditor.cs using Guid(8778120604b21c04fa1492a106e8d6d6) Importer(815301076,1909f56bfc062723c751e8b465ee728b)  -> (artifact id: '89e5d0771f7eaa2745e7d0ec15141642') in 0.004696 seconds 
  Import took 0.008945 seconds .

========================================================================
Received Import Request.
  Time since last request: 0.032797 seconds.
  path: Assets/TilesEditor.cs
  artifactKey: Guid(8778120604b21c04fa1492a106e8d6d6) Importer(815301076,1909f56bfc062723c751e8b465ee728b)
Start importing Assets/TilesEditor.cs using Guid(8778120604b21c04fa1492a106e8d6d6) Importer(815301076,1909f56bfc062723c751e8b465ee728b)  -> (artifact id: '89e5d0771f7eaa2745e7d0ec15141642') in 0.002626 seconds 
  Import took 0.019502 seconds .

========================================================================
Received Prepare
Registering precompiled user dll's ...
Registered in 0.004090 seconds.
Begin MonoManager ReloadAssembly
Native extension for WindowsStandalone target not found
Refreshing native plugins compatible for Editor in 0.45 ms, found 3 plugins.
Preloading 0 native plugins for Editor in 0.00 ms.
Mono: successfully reloaded assembly
- Completed reload, in  1.143 seconds
Domain Reload Profiling:
	ReloadAssembly (1144ms)
		BeginReloadAssembly (129ms)
			ExecutionOrderSort (0ms)
			DisableScriptedObjects (7ms)
			BackupInstance (0ms)
			ReleaseScriptingObjects (0ms)
			CreateAndSetChildDomain (40ms)
		EndReloadAssembly (962ms)
			LoadAssemblies (109ms)
			RebuildTransferFunctionScriptingTraits (0ms)
			SetupTypeCache (274ms)
			ReleaseScriptCaches (1ms)
			RebuildScriptCaches (50ms)
			SetupLoadedEditorAssemblies (401ms)
				LogAssemblyErrors (0ms)
				InitializePlatformSupportModulesInManaged (6ms)
				SetLoadedEditorAssemblies (0ms)
				RefreshPlugins (1ms)
				BeforeProcessingInitializeOnLoad (93ms)
				ProcessInitializeOnLoadAttributes (293ms)
				ProcessInitializeOnLoadMethodAttributes (6ms)
				AfterProcessingInitializeOnLoad (2ms)
				EditorAssembliesLoaded (0ms)
			ExecutionOrderSort2 (0ms)
			AwakeInstancesAfterBackupRestoration (11ms)
Platform modules already initialized, skipping
Refreshing native plugins compatible for Editor in 0.42 ms, found 3 plugins.
Preloading 0 native plugins for Editor in 0.00 ms.
Unloading 2089 Unused Serialized files (Serialized files now loaded: 0)
System memory in use before: 96.3 MB.
System memory in use after: 96.3 MB.

Unloading 21 unused Assets to reduce memory usage. Loaded Objects now: 2571.
Total: 2.150500 ms (FindLiveObjects: 0.159800 ms CreateObjectMapping: 0.061600 ms MarkObjects: 1.842800 ms  DeleteObjects: 0.085600 ms)

AssetImportParameters requested are different than current active one (requested -> active):
  custom:framework-win-MediaFoundation: 216162199b28c13a410421893ffa2e32 -> 
  custom:video-decoder-ogg-theora: a1e56fd34408186e4bbccfd4996cb3dc -> 
  custom:container-muxer-webm: aa71ff27fc2769a1b78a27578f13a17b -> 
  custom:container-demuxer-webm: 4f35f7cbe854078d1ac9338744f61a02 -> 
  custom:container-demuxer-ogg: 62fdf1f143b41e24485cea50d1cbac27 -> 
  custom:video-encoder-webm-vp8: eb34c28f22e8b96e1ab97ce403110664 -> 
  custom:video-decoder-webm-vp8: 9c59270c3fd7afecdb556c50c9e8de78 -> 
  custom:audio-decoder-ogg-vorbis: bf7c407c2cedff20999df2af8eb42d56 -> 
  custom:audio-encoder-webm-vorbis: bf7c407c2cedff20999df2af8eb42d56 -> 
========================================================================
Received Import Request.
  Time since last request: 30.345251 seconds.
  path: Assets/Scripts/TokenSpawner.cs
  artifactKey: Guid(cdc82de5af771ef458b0751a1eb5a283) Importer(815301076,1909f56bfc062723c751e8b465ee728b)
Start importing Assets/Scripts/TokenSpawner.cs using Guid(cdc82de5af771ef458b0751a1eb5a283) Importer(815301076,1909f56bfc062723c751e8b465ee728b)  -> (artifact id: '9a541d9b85b967019bfff0cfacaf7322') in 0.009586 seconds 
  Import took 0.013669 seconds .

========================================================================
Received Prepare
Registering precompiled user dll's ...
Registered in 0.004488 seconds.
Begin MonoManager ReloadAssembly
Native extension for WindowsStandalone target not found
Refreshing native plugins compatible for Editor in 0.43 ms, found 3 plugins.
Preloading 0 native plugins for Editor in 0.00 ms.
Mono: successfully reloaded assembly
- Completed reload, in  1.091 seconds
Domain Reload Profiling:
	ReloadAssembly (1091ms)
		BeginReloadAssembly (141ms)
			ExecutionOrderSort (0ms)
			DisableScriptedObjects (6ms)
			BackupInstance (0ms)
			ReleaseScriptingObjects (0ms)
			CreateAndSetChildDomain (39ms)
		EndReloadAssembly (897ms)
			LoadAssemblies (109ms)
			RebuildTransferFunctionScriptingTraits (0ms)
			SetupTypeCache (256ms)
			ReleaseScriptCaches (1ms)
			RebuildScriptCaches (52ms)
			SetupLoadedEditorAssemblies (380ms)
				LogAssemblyErrors (0ms)
				InitializePlatformSupportModulesInManaged (5ms)
				SetLoadedEditorAssemblies (0ms)
				RefreshPlugins (0ms)
				BeforeProcessingInitializeOnLoad (78ms)
				ProcessInitializeOnLoadAttributes (287ms)
				ProcessInitializeOnLoadMethodAttributes (6ms)
				AfterProcessingInitializeOnLoad (2ms)
				EditorAssembliesLoaded (0ms)
			ExecutionOrderSort2 (0ms)
			AwakeInstancesAfterBackupRestoration (10ms)
Platform modules already initialized, skipping
Refreshing native plugins compatible for Editor in 0.41 ms, found 3 plugins.
Preloading 0 native plugins for Editor in 0.00 ms.
Unloading 2090 Unused Serialized files (Serialized files now loaded: 0)
System memory in use before: 96.3 MB.
System memory in use after: 96.3 MB.

Unloading 21 unused Assets to reduce memory usage. Loaded Objects now: 2575.
Total: 2.712800 ms (FindLiveObjects: 0.190300 ms CreateObjectMapping: 0.065500 ms MarkObjects: 2.364900 ms  DeleteObjects: 0.091300 ms)

AssetImportParameters requested are different than current active one (requested -> active):
  custom:framework-win-MediaFoundation: 216162199b28c13a410421893ffa2e32 -> 
  custom:video-decoder-ogg-theora: a1e56fd34408186e4bbccfd4996cb3dc -> 
  custom:container-muxer-webm: aa71ff27fc2769a1b78a27578f13a17b -> 
  custom:container-demuxer-webm: 4f35f7cbe854078d1ac9338744f61a02 -> 
  custom:container-demuxer-ogg: 62fdf1f143b41e24485cea50d1cbac27 -> 
  custom:video-encoder-webm-vp8: eb34c28f22e8b96e1ab97ce403110664 -> 
  custom:video-decoder-webm-vp8: 9c59270c3fd7afecdb556c50c9e8de78 -> 
  custom:audio-decoder-ogg-vorbis: bf7c407c2cedff20999df2af8eb42d56 -> 
  custom:audio-encoder-webm-vorbis: bf7c407c2cedff20999df2af8eb42d56 -> 
========================================================================
Received Prepare
Registering precompiled user dll's ...
Registered in 0.003880 seconds.
Begin MonoManager ReloadAssembly
Native extension for WindowsStandalone target not found
Refreshing native plugins compatible for Editor in 0.43 ms, found 3 plugins.
Preloading 0 native plugins for Editor in 0.00 ms.
Mono: successfully reloaded assembly
- Completed reload, in  1.115 seconds
Domain Reload Profiling:
	ReloadAssembly (1115ms)
		BeginReloadAssembly (131ms)
			ExecutionOrderSort (0ms)
			DisableScriptedObjects (6ms)
			BackupInstance (0ms)
			ReleaseScriptingObjects (0ms)
			CreateAndSetChildDomain (34ms)
		EndReloadAssembly (925ms)
			LoadAssemblies (112ms)
			RebuildTransferFunctionScriptingTraits (0ms)
			SetupTypeCache (281ms)
			ReleaseScriptCaches (1ms)
			RebuildScriptCaches (51ms)
			SetupLoadedEditorAssemblies (378ms)
				LogAssemblyErrors (0ms)
				InitializePlatformSupportModulesInManaged (7ms)
				SetLoadedEditorAssemblies (1ms)
				RefreshPlugins (0ms)
				BeforeProcessingInitializeOnLoad (77ms)
				ProcessInitializeOnLoadAttributes (284ms)
				ProcessInitializeOnLoadMethodAttributes (5ms)
				AfterProcessingInitializeOnLoad (2ms)
				EditorAssembliesLoaded (0ms)
			ExecutionOrderSort2 (0ms)
			AwakeInstancesAfterBackupRestoration (10ms)
Platform modules already initialized, skipping
Refreshing native plugins compatible for Editor in 0.43 ms, found 3 plugins.
Preloading 0 native plugins for Editor in 0.00 ms.
Unloading 2090 Unused Serialized files (Serialized files now loaded: 0)
System memory in use before: 96.3 MB.
System memory in use after: 96.3 MB.

Unloading 21 unused Assets to reduce memory usage. Loaded Objects now: 2578.
Total: 2.587000 ms (FindLiveObjects: 0.182700 ms CreateObjectMapping: 0.059500 ms MarkObjects: 2.255500 ms  DeleteObjects: 0.088700 ms)

AssetImportParameters requested are different than current active one (requested -> active):
  custom:framework-win-MediaFoundation: 216162199b28c13a410421893ffa2e32 -> 
  custom:video-decoder-ogg-theora: a1e56fd34408186e4bbccfd4996cb3dc -> 
  custom:container-muxer-webm: aa71ff27fc2769a1b78a27578f13a17b -> 
  custom:container-demuxer-webm: 4f35f7cbe854078d1ac9338744f61a02 -> 
  custom:container-demuxer-ogg: 62fdf1f143b41e24485cea50d1cbac27 -> 
  custom:video-encoder-webm-vp8: eb34c28f22e8b96e1ab97ce403110664 -> 
  custom:video-decoder-webm-vp8: 9c59270c3fd7afecdb556c50c9e8de78 -> 
  custom:audio-decoder-ogg-vorbis: bf7c407c2cedff20999df2af8eb42d56 -> 
  custom:audio-encoder-webm-vorbis: bf7c407c2cedff20999df2af8eb42d56 -> 
========================================================================
Received Import Request.
  Time since last request: 558.698126 seconds.
  path: Assets/Scripts/TokenSpawner.cs
  artifactKey: Guid(cdc82de5af771ef458b0751a1eb5a283) Importer(815301076,1909f56bfc062723c751e8b465ee728b)
Start importing Assets/Scripts/TokenSpawner.cs using Guid(cdc82de5af771ef458b0751a1eb5a283) Importer(815301076,1909f56bfc062723c751e8b465ee728b)  -> (artifact id: '696c1ee9c7ec58d7dbdadcc9dffcaff6') in 0.004364 seconds 
  Import took 0.007828 seconds .

========================================================================
Received Import Request.
  Time since last request: 0.000929 seconds.
  path: Assets/Scripts/TokenSpawner.cs
  artifactKey: Guid(cdc82de5af771ef458b0751a1eb5a283) Importer(815301076,1909f56bfc062723c751e8b465ee728b)
Start importing Assets/Scripts/TokenSpawner.cs using Guid(cdc82de5af771ef458b0751a1eb5a283) Importer(815301076,1909f56bfc062723c751e8b465ee728b)  -> (artifact id: '696c1ee9c7ec58d7dbdadcc9dffcaff6') in 0.002118 seconds 
  Import took 0.004939 seconds .

========================================================================
Received Import Request.
  Time since last request: 20.245223 seconds.
  path: Assets/Sprites/ico/Tilemaps
  artifactKey: Guid(e18583606c1e3f742a29497aa8cb88cb) Importer(815301076,1909f56bfc062723c751e8b465ee728b)
Start importing Assets/Sprites/ico/Tilemaps using Guid(e18583606c1e3f742a29497aa8cb88cb) Importer(815301076,1909f56bfc062723c751e8b465ee728b)  -> (artifact id: 'e9c125458e3d7ee6e2378b71e8c56e5d') in 0.006448 seconds 
  Import took 0.010226 seconds .

========================================================================
Received Import Request.
  Time since last request: 0.057433 seconds.
  path: Assets/Sprites/ico/Tilemaps/4.asset
  artifactKey: Guid(f425e9f11377f774c8a5411b883f41ea) Importer(815301076,1909f56bfc062723c751e8b465ee728b)
Start importing Assets/Sprites/ico/Tilemaps/4.asset using Guid(f425e9f11377f774c8a5411b883f41ea) Importer(815301076,1909f56bfc062723c751e8b465ee728b)  -> (artifact id: '1e0746bc54bbab71f0a7222796524bed') in 0.040782 seconds 
  Import took 0.044077 seconds .

========================================================================
Received Import Request.
  Time since last request: 0.000344 seconds.
  path: Assets/Sprites/ico/Tilemaps/10.asset
  artifactKey: Guid(9413b02d94d107141b5439818e3335c3) Importer(815301076,1909f56bfc062723c751e8b465ee728b)
Start importing Assets/Sprites/ico/Tilemaps/10.asset using Guid(9413b02d94d107141b5439818e3335c3) Importer(815301076,1909f56bfc062723c751e8b465ee728b)  -> (artifact id: 'f96816a7f426b3781757a938aa1bdd29') in 0.010479 seconds 
  Import took 0.013532 seconds .

========================================================================
Received Import Request.
  Time since last request: 0.000315 seconds.
  path: Assets/Sprites/ico/Tilemaps/16.asset
  artifactKey: Guid(ca915e98a4751ea479daa21e18224db3) Importer(815301076,1909f56bfc062723c751e8b465ee728b)
Start importing Assets/Sprites/ico/Tilemaps/16.asset using Guid(ca915e98a4751ea479daa21e18224db3) Importer(815301076,1909f56bfc062723c751e8b465ee728b)  -> (artifact id: 'a16575c09302aec9ba49110e94b12e03') in 0.012912 seconds 
  Import took 0.016247 seconds .

========================================================================
Received Import Request.
  Time since last request: 0.000325 seconds.
  path: Assets/Sprites/ico/Tilemaps/20.asset
  artifactKey: Guid(34688a920dc9e3545a8b2201fac951cb) Importer(815301076,1909f56bfc062723c751e8b465ee728b)
Start importing Assets/Sprites/ico/Tilemaps/20.asset using Guid(34688a920dc9e3545a8b2201fac951cb) Importer(815301076,1909f56bfc062723c751e8b465ee728b)  -> (artifact id: '4ecf0727c2fdab59ce56f5c18a0e7bcb') in 0.011672 seconds 
  Import took 0.015017 seconds .

========================================================================
Received Import Request.
  Time since last request: 0.000293 seconds.
  path: Assets/Sprites/ico/Tilemaps/17.asset
  artifactKey: Guid(ccced988a6293bf4488d27400f04c989) Importer(815301076,1909f56bfc062723c751e8b465ee728b)
Start importing Assets/Sprites/ico/Tilemaps/17.asset using Guid(ccced988a6293bf4488d27400f04c989) Importer(815301076,1909f56bfc062723c751e8b465ee728b)  -> (artifact id: '0276ffd5bbfa0e4358a46b06098900bc') in 0.016778 seconds 
  Import took 0.020281 seconds .

========================================================================
Received Import Request.
  Time since last request: 0.000302 seconds.
  path: Assets/Sprites/ico/Tilemaps/13.asset
  artifactKey: Guid(4302cc791bd0550488903e6391011da6) Importer(815301076,1909f56bfc062723c751e8b465ee728b)
Start importing Assets/Sprites/ico/Tilemaps/13.asset using Guid(4302cc791bd0550488903e6391011da6) Importer(815301076,1909f56bfc062723c751e8b465ee728b)  -> (artifact id: '26c6521c97eaac84e2ce96b97b59c0f4') in 0.010461 seconds 
  Import took 0.013638 seconds .

========================================================================
Received Import Request.
  Time since last request: 0.000368 seconds.
  path: Assets/Sprites/ico/Tilemaps/14.asset
  artifactKey: Guid(108d3aa86fd358a46a4ad8232353e6d9) Importer(815301076,1909f56bfc062723c751e8b465ee728b)
Start importing Assets/Sprites/ico/Tilemaps/14.asset using Guid(108d3aa86fd358a46a4ad8232353e6d9) Importer(815301076,1909f56bfc062723c751e8b465ee728b)  -> (artifact id: '491f79dba4d14f7f94f8d20d1247e66b') in 0.012325 seconds 
  Import took 0.015280 seconds .

========================================================================
Received Import Request.
  Time since last request: 0.000198 seconds.
  path: Assets/Sprites/ico/Tilemaps/12.asset
  artifactKey: Guid(ad72009ce05940c40bb3bc76ed19c14f) Importer(815301076,1909f56bfc062723c751e8b465ee728b)
Start importing Assets/Sprites/ico/Tilemaps/12.asset using Guid(ad72009ce05940c40bb3bc76ed19c14f) Importer(815301076,1909f56bfc062723c751e8b465ee728b)  -> (artifact id: 'b15d478f3e1dfd7161a0a536ac5ff263') in 0.013408 seconds 
  Import took 0.017521 seconds .

========================================================================
Received Import Request.
  Time since last request: 0.000336 seconds.
  path: Assets/Sprites/ico/Tilemaps/9.asset
  artifactKey: Guid(7c5e7a75a3a827e4a9652834933c5ad5) Importer(815301076,1909f56bfc062723c751e8b465ee728b)
Start importing Assets/Sprites/ico/Tilemaps/9.asset using Guid(7c5e7a75a3a827e4a9652834933c5ad5) Importer(815301076,1909f56bfc062723c751e8b465ee728b)  -> (artifact id: '2909e1fa0a1d31a65d0d8d13d57cdd88') in 0.009770 seconds 
  Import took 0.012916 seconds .

========================================================================
Received Prepare
Registering precompiled user dll's ...
Registered in 0.003892 seconds.
Begin MonoManager ReloadAssembly
Native extension for WindowsStandalone target not found
Refreshing native plugins compatible for Editor in 0.42 ms, found 3 plugins.
Preloading 0 native plugins for Editor in 0.00 ms.
Mono: successfully reloaded assembly
- Completed reload, in  1.050 seconds
Domain Reload Profiling:
	ReloadAssembly (1050ms)
		BeginReloadAssembly (123ms)
			ExecutionOrderSort (0ms)
			DisableScriptedObjects (6ms)
			BackupInstance (0ms)
			ReleaseScriptingObjects (0ms)
			CreateAndSetChildDomain (33ms)
		EndReloadAssembly (877ms)
			LoadAssemblies (104ms)
			RebuildTransferFunctionScriptingTraits (0ms)
			SetupTypeCache (260ms)
			ReleaseScriptCaches (1ms)
			RebuildScriptCaches (47ms)
			SetupLoadedEditorAssemblies (371ms)
				LogAssemblyErrors (0ms)
				InitializePlatformSupportModulesInManaged (5ms)
				SetLoadedEditorAssemblies (0ms)
				RefreshPlugins (0ms)
				BeforeProcessingInitializeOnLoad (80ms)
				ProcessInitializeOnLoadAttributes (277ms)
				ProcessInitializeOnLoadMethodAttributes (5ms)
				AfterProcessingInitializeOnLoad (2ms)
				EditorAssembliesLoaded (0ms)
			ExecutionOrderSort2 (0ms)
			AwakeInstancesAfterBackupRestoration (10ms)
Platform modules already initialized, skipping
Refreshing native plugins compatible for Editor in 0.45 ms, found 3 plugins.
Preloading 0 native plugins for Editor in 0.00 ms.
Unloading 2090 Unused Serialized files (Serialized files now loaded: 0)
System memory in use before: 96.4 MB.
System memory in use after: 96.4 MB.

Unloading 21 unused Assets to reduce memory usage. Loaded Objects now: 2583.
Total: 2.484400 ms (FindLiveObjects: 0.191700 ms CreateObjectMapping: 0.070000 ms MarkObjects: 2.133100 ms  DeleteObjects: 0.088900 ms)

AssetImportParameters requested are different than current active one (requested -> active):
  custom:framework-win-MediaFoundation: 216162199b28c13a410421893ffa2e32 -> 
  custom:video-decoder-ogg-theora: a1e56fd34408186e4bbccfd4996cb3dc -> 
  custom:container-muxer-webm: aa71ff27fc2769a1b78a27578f13a17b -> 
  custom:container-demuxer-webm: 4f35f7cbe854078d1ac9338744f61a02 -> 
  custom:container-demuxer-ogg: 62fdf1f143b41e24485cea50d1cbac27 -> 
  custom:video-encoder-webm-vp8: eb34c28f22e8b96e1ab97ce403110664 -> 
  custom:video-decoder-webm-vp8: 9c59270c3fd7afecdb556c50c9e8de78 -> 
  custom:audio-decoder-ogg-vorbis: bf7c407c2cedff20999df2af8eb42d56 -> 
  custom:audio-encoder-webm-vorbis: bf7c407c2cedff20999df2af8eb42d56 -> 
========================================================================
Received Import Request.
  Time since last request: 46.069522 seconds.
  path: Assets/Sprites/ico/Tilemaps/2.asset
  artifactKey: Guid(397adff0d761b0245aabea8a57106505) Importer(815301076,1909f56bfc062723c751e8b465ee728b)
Start importing Assets/Sprites/ico/Tilemaps/2.asset using Guid(397adff0d761b0245aabea8a57106505) Importer(815301076,1909f56bfc062723c751e8b465ee728b)  -> (artifact id: 'e6a1dea655ce55b434e0672c06279941') in 0.043015 seconds 
  Import took 0.047440 seconds .

========================================================================
Received Prepare
Registering precompiled user dll's ...
Registered in 0.007556 seconds.
Begin MonoManager ReloadAssembly
Native extension for WindowsStandalone target not found
Refreshing native plugins compatible for Editor in 0.41 ms, found 3 plugins.
Preloading 0 native plugins for Editor in 0.00 ms.
Mono: successfully reloaded assembly
- Completed reload, in  1.094 seconds
Domain Reload Profiling:
	ReloadAssembly (1095ms)
		BeginReloadAssembly (130ms)
			ExecutionOrderSort (0ms)
			DisableScriptedObjects (6ms)
			BackupInstance (0ms)
			ReleaseScriptingObjects (0ms)
			CreateAndSetChildDomain (32ms)
		EndReloadAssembly (912ms)
			LoadAssemblies (111ms)
			RebuildTransferFunctionScriptingTraits (0ms)
			SetupTypeCache (268ms)
			ReleaseScriptCaches (1ms)
			RebuildScriptCaches (46ms)
			SetupLoadedEditorAssemblies (384ms)
				LogAssemblyErrors (0ms)
				InitializePlatformSupportModulesInManaged (5ms)
				SetLoadedEditorAssemblies (0ms)
				RefreshPlugins (0ms)
				BeforeProcessingInitializeOnLoad (78ms)
				ProcessInitializeOnLoadAttributes (290ms)
				ProcessInitializeOnLoadMethodAttributes (7ms)
				AfterProcessingInitializeOnLoad (3ms)
				EditorAssembliesLoaded (0ms)
			ExecutionOrderSort2 (0ms)
			AwakeInstancesAfterBackupRestoration (14ms)
Platform modules already initialized, skipping
Refreshing native plugins compatible for Editor in 0.42 ms, found 3 plugins.
Preloading 0 native plugins for Editor in 0.00 ms.
Unloading 2090 Unused Serialized files (Serialized files now loaded: 0)
System memory in use before: 96.4 MB.
System memory in use after: 96.4 MB.

Unloading 21 unused Assets to reduce memory usage. Loaded Objects now: 2587.
Total: 2.619700 ms (FindLiveObjects: 0.237200 ms CreateObjectMapping: 0.074000 ms MarkObjects: 2.163200 ms  DeleteObjects: 0.144200 ms)

AssetImportParameters requested are different than current active one (requested -> active):
  custom:framework-win-MediaFoundation: 216162199b28c13a410421893ffa2e32 -> 
  custom:video-decoder-ogg-theora: a1e56fd34408186e4bbccfd4996cb3dc -> 
  custom:container-muxer-webm: aa71ff27fc2769a1b78a27578f13a17b -> 
  custom:container-demuxer-webm: 4f35f7cbe854078d1ac9338744f61a02 -> 
  custom:container-demuxer-ogg: 62fdf1f143b41e24485cea50d1cbac27 -> 
  custom:video-encoder-webm-vp8: eb34c28f22e8b96e1ab97ce403110664 -> 
  custom:video-decoder-webm-vp8: 9c59270c3fd7afecdb556c50c9e8de78 -> 
  custom:audio-decoder-ogg-vorbis: bf7c407c2cedff20999df2af8eb42d56 -> 
  custom:audio-encoder-webm-vorbis: bf7c407c2cedff20999df2af8eb42d56 -> 
AssetImportWorkerClient::OnTransportError - code=2 error=End of file
